<?xml version="1.0" encoding="UTF-8"?>
<beans:beans xmlns="http://www.springframework.org/schema/mvc"
	xmlns:xsi="http://www.w3.org/2001/XMLSchema-instance"
	xmlns:tx="http://www.springframework.org/schema/tx"
	xmlns:beans="http://www.springframework.org/schema/beans"
	xmlns:context="http://www.springframework.org/schema/context"
	xsi:schemaLocation="http://www.springframework.org/schema/mvc http://www.springframework.org/schema/mvc/spring-mvc.xsd
	http://www.springframework.org/schema/tx http://www.springframework.org/schema/tx/spring-tx.xsd
	http://www.springframework.org/schema/beans http://www.springframework.org/schema/beans/spring-beans.xsd
	http://www.springframework.org/schema/context http://www.springframework.org/schema/context/spring-context.xsd
	http://camel.apache.org/schema/spring http://camel.apache.org/schema/spring/camel-spring.xsd">

	<beans:import resource="db-context.xml"/>
	<context:component-scan base-package="com.bencompany.jabbercamel" />
	<annotation-driven />
	<context:property-placeholder />
	
	<beans:bean id="objectMapper" class="com.fasterxml.jackson.databind.ObjectMapper" />
		
	<beans:bean id="linkHandler" class="com.bencompany.jabbercamel.modules.LinkHandler"/>
	
</beans:beans>
